{"/home/therebelrobot/git/growmies/countryjs/index.js":{"path":"/home/therebelrobot/git/growmies/countryjs/index.js","s":{"1":1},"b":{},"f":{},"fnMap":{},"statementMap":{"1":{"start":{"line":14,"column":0},"end":{"line":14,"column":44}}},"branchMap":{}},"/home/therebelrobot/git/growmies/countryjs/lib/countryjs.js":{"path":"/home/therebelrobot/git/growmies/countryjs/lib/countryjs.js","s":{"1":1,"2":1,"3":1,"4":1,"5":30,"6":30,"7":3,"8":3,"9":2,"10":504,"11":3,"12":1,"13":252,"14":3,"15":1,"16":252,"17":1,"18":1,"19":252,"20":1,"21":25,"22":6300,"23":25,"24":30,"25":1,"26":29,"27":1,"28":1,"29":1,"30":1,"31":7,"32":7,"33":1,"34":1,"35":1,"36":1,"37":1,"38":1,"39":1,"40":1,"41":1,"42":1,"43":1,"44":1,"45":1,"46":1,"47":1,"48":1,"49":1,"50":1,"51":1,"52":1,"53":1,"54":1,"55":1,"56":1,"57":1,"58":1,"59":1,"60":1,"61":1,"62":1,"63":1,"64":1,"65":1,"66":1,"67":1,"68":1,"69":1,"70":1,"71":1,"72":1,"73":1,"74":1,"75":1,"76":1,"77":1,"78":1,"79":1,"80":1,"81":1,"82":1,"83":1,"84":1,"85":1,"86":1,"87":1,"88":1,"89":1,"90":1,"91":1,"92":1,"93":1,"94":1,"95":1,"96":1,"97":1,"98":1,"99":1,"100":1,"101":1,"102":1,"103":1,"104":1,"105":1,"106":1,"107":1,"108":1,"109":1,"110":1,"111":1,"112":1,"113":1,"114":1,"115":1,"116":1,"117":1,"118":1,"119":1,"120":1,"121":1,"122":1,"123":1,"124":1,"125":1,"126":1},"b":{"1":[3,1,1,25],"2":[2,1],"3":[1,2],"4":[1,29]},"f":{"1":1,"2":30,"3":504,"4":252,"5":252,"6":252,"7":6300,"8":1,"9":7,"10":1,"11":1,"12":1,"13":1,"14":1,"15":1,"16":1,"17":1,"18":1,"19":1,"20":1,"21":1,"22":1,"23":1,"24":1,"25":1,"26":1,"27":1,"28":1,"29":1,"30":1,"31":1,"32":1},"fnMap":{"1":{"name":"(anonymous_1)","line":17,"loc":{"start":{"line":17,"column":14},"end":{"line":17,"column":25}}},"2":{"name":"(anonymous_2)","line":18,"loc":{"start":{"line":18,"column":23},"end":{"line":18,"column":47}}},"3":{"name":"(anonymous_3)","line":26,"loc":{"start":{"line":26,"column":47},"end":{"line":26,"column":61}}},"4":{"name":"(anonymous_4)","line":31,"loc":{"start":{"line":31,"column":47},"end":{"line":31,"column":61}}},"5":{"name":"(anonymous_5)","line":37,"loc":{"start":{"line":37,"column":45},"end":{"line":37,"column":59}}},"6":{"name":"(anonymous_6)","line":42,"loc":{"start":{"line":42,"column":45},"end":{"line":42,"column":59}}},"7":{"name":"(anonymous_7)","line":47,"loc":{"start":{"line":47,"column":45},"end":{"line":47,"column":59}}},"8":{"name":"(anonymous_8)","line":57,"loc":{"start":{"line":57,"column":13},"end":{"line":57,"column":24}}},"9":{"name":"(anonymous_9)","line":61,"loc":{"start":{"line":61,"column":14},"end":{"line":61,"column":38}}},"10":{"name":"(anonymous_10)","line":65,"loc":{"start":{"line":65,"column":14},"end":{"line":65,"column":38}}},"11":{"name":"(anonymous_11)","line":70,"loc":{"start":{"line":70,"column":16},"end":{"line":70,"column":40}}},"12":{"name":"(anonymous_12)","line":75,"loc":{"start":{"line":75,"column":19},"end":{"line":75,"column":43}}},"13":{"name":"(anonymous_13)","line":80,"loc":{"start":{"line":80,"column":22},"end":{"line":80,"column":46}}},"14":{"name":"(anonymous_14)","line":85,"loc":{"start":{"line":85,"column":14},"end":{"line":85,"column":38}}},"15":{"name":"(anonymous_15)","line":90,"loc":{"start":{"line":90,"column":17},"end":{"line":90,"column":41}}},"16":{"name":"(anonymous_16)","line":95,"loc":{"start":{"line":95,"column":22},"end":{"line":95,"column":46}}},"17":{"name":"(anonymous_17)","line":100,"loc":{"start":{"line":100,"column":17},"end":{"line":100,"column":41}}},"18":{"name":"(anonymous_18)","line":105,"loc":{"start":{"line":105,"column":20},"end":{"line":105,"column":44}}},"19":{"name":"(anonymous_19)","line":110,"loc":{"start":{"line":110,"column":17},"end":{"line":110,"column":41}}},"20":{"name":"(anonymous_20)","line":115,"loc":{"start":{"line":115,"column":14},"end":{"line":115,"column":38}}},"21":{"name":"(anonymous_21)","line":120,"loc":{"start":{"line":120,"column":17},"end":{"line":120,"column":41}}},"22":{"name":"(anonymous_22)","line":125,"loc":{"start":{"line":125,"column":18},"end":{"line":125,"column":42}}},"23":{"name":"(anonymous_23)","line":130,"loc":{"start":{"line":130,"column":19},"end":{"line":130,"column":43}}},"24":{"name":"(anonymous_24)","line":135,"loc":{"start":{"line":135,"column":16},"end":{"line":135,"column":40}}},"25":{"name":"(anonymous_25)","line":140,"loc":{"start":{"line":140,"column":20},"end":{"line":140,"column":44}}},"26":{"name":"(anonymous_26)","line":145,"loc":{"start":{"line":145,"column":20},"end":{"line":145,"column":44}}},"27":{"name":"(anonymous_27)","line":150,"loc":{"start":{"line":150,"column":16},"end":{"line":150,"column":40}}},"28":{"name":"(anonymous_28)","line":155,"loc":{"start":{"line":155,"column":19},"end":{"line":155,"column":43}}},"29":{"name":"(anonymous_29)","line":160,"loc":{"start":{"line":160,"column":19},"end":{"line":160,"column":43}}},"30":{"name":"(anonymous_30)","line":165,"loc":{"start":{"line":165,"column":13},"end":{"line":165,"column":37}}},"31":{"name":"(anonymous_31)","line":170,"loc":{"start":{"line":170,"column":22},"end":{"line":170,"column":46}}},"32":{"name":"(anonymous_32)","line":175,"loc":{"start":{"line":175,"column":14},"end":{"line":175,"column":38}}}},"statementMap":{"1":{"start":{"line":14,"column":0},"end":{"line":14,"column":26}},"2":{"start":{"line":15,"column":0},"end":{"line":15,"column":40}},"3":{"start":{"line":17,"column":0},"end":{"line":181,"column":2}},"4":{"start":{"line":18,"column":2},"end":{"line":56,"column":4}},"5":{"start":{"line":19,"column":4},"end":{"line":19,"column":20}},"6":{"start":{"line":20,"column":4},"end":{"line":51,"column":5}},"7":{"start":{"line":22,"column":8},"end":{"line":24,"column":14}},"8":{"start":{"line":25,"column":8},"end":{"line":29,"column":9}},"9":{"start":{"line":26,"column":10},"end":{"line":28,"column":16}},"10":{"start":{"line":27,"column":12},"end":{"line":27,"column":58}},"11":{"start":{"line":30,"column":8},"end":{"line":34,"column":9}},"12":{"start":{"line":31,"column":10},"end":{"line":33,"column":16}},"13":{"start":{"line":32,"column":12},"end":{"line":32,"column":68}},"14":{"start":{"line":35,"column":8},"end":{"line":35,"column":14}},"15":{"start":{"line":37,"column":8},"end":{"line":39,"column":14}},"16":{"start":{"line":38,"column":10},"end":{"line":38,"column":44}},"17":{"start":{"line":40,"column":8},"end":{"line":40,"column":14}},"18":{"start":{"line":42,"column":8},"end":{"line":44,"column":14}},"19":{"start":{"line":43,"column":10},"end":{"line":43,"column":44}},"20":{"start":{"line":45,"column":8},"end":{"line":45,"column":14}},"21":{"start":{"line":47,"column":8},"end":{"line":49,"column":14}},"22":{"start":{"line":48,"column":10},"end":{"line":48,"column":44}},"23":{"start":{"line":50,"column":8},"end":{"line":50,"column":14}},"24":{"start":{"line":52,"column":4},"end":{"line":54,"column":5}},"25":{"start":{"line":53,"column":6},"end":{"line":53,"column":23}},"26":{"start":{"line":55,"column":4},"end":{"line":55,"column":23}},"27":{"start":{"line":57,"column":2},"end":{"line":60,"column":4}},"28":{"start":{"line":58,"column":4},"end":{"line":58,"column":35}},"29":{"start":{"line":59,"column":4},"end":{"line":59,"column":23}},"30":{"start":{"line":61,"column":2},"end":{"line":64,"column":4}},"31":{"start":{"line":62,"column":4},"end":{"line":62,"column":52}},"32":{"start":{"line":63,"column":4},"end":{"line":63,"column":23}},"33":{"start":{"line":65,"column":2},"end":{"line":69,"column":4}},"34":{"start":{"line":66,"column":4},"end":{"line":66,"column":52}},"35":{"start":{"line":67,"column":4},"end":{"line":67,"column":35}},"36":{"start":{"line":68,"column":4},"end":{"line":68,"column":23}},"37":{"start":{"line":70,"column":2},"end":{"line":74,"column":4}},"38":{"start":{"line":71,"column":4},"end":{"line":71,"column":52}},"39":{"start":{"line":72,"column":4},"end":{"line":72,"column":40}},"40":{"start":{"line":73,"column":4},"end":{"line":73,"column":23}},"41":{"start":{"line":75,"column":2},"end":{"line":79,"column":4}},"42":{"start":{"line":76,"column":4},"end":{"line":76,"column":52}},"43":{"start":{"line":77,"column":4},"end":{"line":77,"column":40}},"44":{"start":{"line":78,"column":4},"end":{"line":78,"column":23}},"45":{"start":{"line":80,"column":2},"end":{"line":84,"column":4}},"46":{"start":{"line":81,"column":4},"end":{"line":81,"column":52}},"47":{"start":{"line":82,"column":4},"end":{"line":82,"column":43}},"48":{"start":{"line":83,"column":4},"end":{"line":83,"column":23}},"49":{"start":{"line":85,"column":2},"end":{"line":89,"column":4}},"50":{"start":{"line":86,"column":4},"end":{"line":86,"column":52}},"51":{"start":{"line":87,"column":4},"end":{"line":87,"column":35}},"52":{"start":{"line":88,"column":4},"end":{"line":88,"column":23}},"53":{"start":{"line":90,"column":2},"end":{"line":94,"column":4}},"54":{"start":{"line":91,"column":4},"end":{"line":91,"column":52}},"55":{"start":{"line":92,"column":4},"end":{"line":92,"column":38}},"56":{"start":{"line":93,"column":4},"end":{"line":93,"column":23}},"57":{"start":{"line":95,"column":2},"end":{"line":99,"column":4}},"58":{"start":{"line":96,"column":4},"end":{"line":96,"column":52}},"59":{"start":{"line":97,"column":4},"end":{"line":97,"column":43}},"60":{"start":{"line":98,"column":4},"end":{"line":98,"column":23}},"61":{"start":{"line":100,"column":2},"end":{"line":104,"column":4}},"62":{"start":{"line":101,"column":4},"end":{"line":101,"column":52}},"63":{"start":{"line":102,"column":4},"end":{"line":102,"column":38}},"64":{"start":{"line":103,"column":4},"end":{"line":103,"column":23}},"65":{"start":{"line":105,"column":2},"end":{"line":109,"column":4}},"66":{"start":{"line":106,"column":4},"end":{"line":106,"column":52}},"67":{"start":{"line":107,"column":4},"end":{"line":107,"column":41}},"68":{"start":{"line":108,"column":4},"end":{"line":108,"column":23}},"69":{"start":{"line":110,"column":2},"end":{"line":114,"column":4}},"70":{"start":{"line":111,"column":4},"end":{"line":111,"column":52}},"71":{"start":{"line":112,"column":4},"end":{"line":112,"column":38}},"72":{"start":{"line":113,"column":4},"end":{"line":113,"column":23}},"73":{"start":{"line":115,"column":2},"end":{"line":119,"column":4}},"74":{"start":{"line":116,"column":4},"end":{"line":116,"column":52}},"75":{"start":{"line":117,"column":4},"end":{"line":117,"column":35}},"76":{"start":{"line":118,"column":4},"end":{"line":118,"column":23}},"77":{"start":{"line":120,"column":2},"end":{"line":124,"column":4}},"78":{"start":{"line":121,"column":4},"end":{"line":121,"column":52}},"79":{"start":{"line":122,"column":4},"end":{"line":122,"column":38}},"80":{"start":{"line":123,"column":4},"end":{"line":123,"column":23}},"81":{"start":{"line":125,"column":2},"end":{"line":129,"column":4}},"82":{"start":{"line":126,"column":4},"end":{"line":126,"column":52}},"83":{"start":{"line":127,"column":4},"end":{"line":127,"column":34}},"84":{"start":{"line":128,"column":4},"end":{"line":128,"column":23}},"85":{"start":{"line":130,"column":2},"end":{"line":134,"column":4}},"86":{"start":{"line":131,"column":4},"end":{"line":131,"column":52}},"87":{"start":{"line":132,"column":4},"end":{"line":132,"column":40}},"88":{"start":{"line":133,"column":4},"end":{"line":133,"column":23}},"89":{"start":{"line":135,"column":2},"end":{"line":139,"column":4}},"90":{"start":{"line":136,"column":4},"end":{"line":136,"column":52}},"91":{"start":{"line":137,"column":4},"end":{"line":137,"column":37}},"92":{"start":{"line":138,"column":4},"end":{"line":138,"column":23}},"93":{"start":{"line":140,"column":2},"end":{"line":144,"column":4}},"94":{"start":{"line":141,"column":4},"end":{"line":141,"column":52}},"95":{"start":{"line":142,"column":4},"end":{"line":142,"column":41}},"96":{"start":{"line":143,"column":4},"end":{"line":143,"column":23}},"97":{"start":{"line":145,"column":2},"end":{"line":149,"column":4}},"98":{"start":{"line":146,"column":4},"end":{"line":146,"column":52}},"99":{"start":{"line":147,"column":4},"end":{"line":147,"column":41}},"100":{"start":{"line":148,"column":4},"end":{"line":148,"column":23}},"101":{"start":{"line":150,"column":2},"end":{"line":154,"column":4}},"102":{"start":{"line":151,"column":4},"end":{"line":151,"column":52}},"103":{"start":{"line":152,"column":4},"end":{"line":152,"column":37}},"104":{"start":{"line":153,"column":4},"end":{"line":153,"column":23}},"105":{"start":{"line":155,"column":2},"end":{"line":159,"column":4}},"106":{"start":{"line":156,"column":4},"end":{"line":156,"column":52}},"107":{"start":{"line":157,"column":4},"end":{"line":157,"column":40}},"108":{"start":{"line":158,"column":4},"end":{"line":158,"column":23}},"109":{"start":{"line":160,"column":2},"end":{"line":164,"column":4}},"110":{"start":{"line":161,"column":4},"end":{"line":161,"column":52}},"111":{"start":{"line":162,"column":4},"end":{"line":162,"column":40}},"112":{"start":{"line":163,"column":4},"end":{"line":163,"column":23}},"113":{"start":{"line":165,"column":2},"end":{"line":169,"column":4}},"114":{"start":{"line":166,"column":4},"end":{"line":166,"column":52}},"115":{"start":{"line":167,"column":4},"end":{"line":167,"column":34}},"116":{"start":{"line":168,"column":4},"end":{"line":168,"column":23}},"117":{"start":{"line":170,"column":2},"end":{"line":174,"column":4}},"118":{"start":{"line":171,"column":4},"end":{"line":171,"column":52}},"119":{"start":{"line":172,"column":4},"end":{"line":172,"column":43}},"120":{"start":{"line":173,"column":4},"end":{"line":173,"column":23}},"121":{"start":{"line":175,"column":2},"end":{"line":179,"column":4}},"122":{"start":{"line":176,"column":4},"end":{"line":176,"column":52}},"123":{"start":{"line":177,"column":4},"end":{"line":177,"column":35}},"124":{"start":{"line":178,"column":4},"end":{"line":178,"column":23}},"125":{"start":{"line":180,"column":2},"end":{"line":180,"column":14}},"126":{"start":{"line":182,"column":0},"end":{"line":182,"column":31}}},"branchMap":{"1":{"line":20,"type":"switch","locations":[{"start":{"line":21,"column":6},"end":{"line":35,"column":14}},{"start":{"line":36,"column":6},"end":{"line":40,"column":14}},{"start":{"line":41,"column":6},"end":{"line":45,"column":14}},{"start":{"line":46,"column":6},"end":{"line":50,"column":14}}]},"2":{"line":25,"type":"if","locations":[{"start":{"line":25,"column":8},"end":{"line":25,"column":8}},{"start":{"line":25,"column":8},"end":{"line":25,"column":8}}]},"3":{"line":30,"type":"if","locations":[{"start":{"line":30,"column":8},"end":{"line":30,"column":8}},{"start":{"line":30,"column":8},"end":{"line":30,"column":8}}]},"4":{"line":52,"type":"if","locations":[{"start":{"line":52,"column":4},"end":{"line":52,"column":4}},{"start":{"line":52,"column":4},"end":{"line":52,"column":4}}]}}},"/home/therebelrobot/git/growmies/countryjs/data/index.js":{"path":"/home/therebelrobot/git/growmies/countryjs/data/index.js","s":{"1":1,"2":1,"3":1,"4":1,"5":1,"6":1,"7":252,"8":252,"9":252,"10":1},"b":{},"f":{"1":1,"2":252},"fnMap":{"1":{"name":"(anonymous_1)","line":17,"loc":{"start":{"line":17,"column":17},"end":{"line":17,"column":28}}},"2":{"name":"(anonymous_2)","line":20,"loc":{"start":{"line":20,"column":22},"end":{"line":20,"column":37}}}},"statementMap":{"1":{"start":{"line":14,"column":0},"end":{"line":14,"column":27}},"2":{"start":{"line":15,"column":0},"end":{"line":15,"column":26}},"3":{"start":{"line":17,"column":0},"end":{"line":26,"column":2}},"4":{"start":{"line":18,"column":2},"end":{"line":18,"column":21}},"5":{"start":{"line":19,"column":2},"end":{"line":19,"column":50}},"6":{"start":{"line":20,"column":2},"end":{"line":24,"column":5}},"7":{"start":{"line":21,"column":4},"end":{"line":21,"column":27}},"8":{"start":{"line":22,"column":4},"end":{"line":22,"column":31}},"9":{"start":{"line":23,"column":4},"end":{"line":23,"column":39}},"10":{"start":{"line":25,"column":2},"end":{"line":25,"column":19}}},"branchMap":{}}}