TN:
SF:./index.js
FNF:0
FNH:0
DA:14,1
LF:1
LH:1
BRF:0
BRH:0
end_of_record
TN:
SF:./lib/countryjs.js
FN:17,(anonymous_1)
FN:18,(anonymous_2)
FN:26,(anonymous_3)
FN:31,(anonymous_4)
FN:37,(anonymous_5)
FN:42,(anonymous_6)
FN:47,(anonymous_7)
FN:57,(anonymous_8)
FN:61,(anonymous_9)
FN:65,(anonymous_10)
FN:70,(anonymous_11)
FN:75,(anonymous_12)
FN:80,(anonymous_13)
FN:85,(anonymous_14)
FN:90,(anonymous_15)
FN:95,(anonymous_16)
FN:100,(anonymous_17)
FN:105,(anonymous_18)
FN:110,(anonymous_19)
FN:115,(anonymous_20)
FN:120,(anonymous_21)
FN:125,(anonymous_22)
FN:130,(anonymous_23)
FN:135,(anonymous_24)
FN:140,(anonymous_25)
FN:145,(anonymous_26)
FN:150,(anonymous_27)
FN:155,(anonymous_28)
FN:160,(anonymous_29)
FN:165,(anonymous_30)
FN:170,(anonymous_31)
FN:175,(anonymous_32)
FNF:32
FNH:32
FNDA:1,(anonymous_1)
FNDA:30,(anonymous_2)
FNDA:504,(anonymous_3)
FNDA:252,(anonymous_4)
FNDA:252,(anonymous_5)
FNDA:252,(anonymous_6)
FNDA:6300,(anonymous_7)
FNDA:1,(anonymous_8)
FNDA:7,(anonymous_9)
FNDA:1,(anonymous_10)
FNDA:1,(anonymous_11)
FNDA:1,(anonymous_12)
FNDA:1,(anonymous_13)
FNDA:1,(anonymous_14)
FNDA:1,(anonymous_15)
FNDA:1,(anonymous_16)
FNDA:1,(anonymous_17)
FNDA:1,(anonymous_18)
FNDA:1,(anonymous_19)
FNDA:1,(anonymous_20)
FNDA:1,(anonymous_21)
FNDA:1,(anonymous_22)
FNDA:1,(anonymous_23)
FNDA:1,(anonymous_24)
FNDA:1,(anonymous_25)
FNDA:1,(anonymous_26)
FNDA:1,(anonymous_27)
FNDA:1,(anonymous_28)
FNDA:1,(anonymous_29)
FNDA:1,(anonymous_30)
FNDA:1,(anonymous_31)
FNDA:1,(anonymous_32)
DA:14,1
DA:15,1
DA:17,1
DA:18,1
DA:19,30
DA:20,30
DA:22,3
DA:25,3
DA:26,2
DA:27,504
DA:30,3
DA:31,1
DA:32,252
DA:35,3
DA:37,1
DA:38,252
DA:40,1
DA:42,1
DA:43,252
DA:45,1
DA:47,25
DA:48,6300
DA:50,25
DA:52,30
DA:53,1
DA:55,29
DA:57,1
DA:58,1
DA:59,1
DA:61,1
DA:62,7
DA:63,7
DA:65,1
DA:66,1
DA:67,1
DA:68,1
DA:70,1
DA:71,1
DA:72,1
DA:73,1
DA:75,1
DA:76,1
DA:77,1
DA:78,1
DA:80,1
DA:81,1
DA:82,1
DA:83,1
DA:85,1
DA:86,1
DA:87,1
DA:88,1
DA:90,1
DA:91,1
DA:92,1
DA:93,1
DA:95,1
DA:96,1
DA:97,1
DA:98,1
DA:100,1
DA:101,1
DA:102,1
DA:103,1
DA:105,1
DA:106,1
DA:107,1
DA:108,1
DA:110,1
DA:111,1
DA:112,1
DA:113,1
DA:115,1
DA:116,1
DA:117,1
DA:118,1
DA:120,1
DA:121,1
DA:122,1
DA:123,1
DA:125,1
DA:126,1
DA:127,1
DA:128,1
DA:130,1
DA:131,1
DA:132,1
DA:133,1
DA:135,1
DA:136,1
DA:137,1
DA:138,1
DA:140,1
DA:141,1
DA:142,1
DA:143,1
DA:145,1
DA:146,1
DA:147,1
DA:148,1
DA:150,1
DA:151,1
DA:152,1
DA:153,1
DA:155,1
DA:156,1
DA:157,1
DA:158,1
DA:160,1
DA:161,1
DA:162,1
DA:163,1
DA:165,1
DA:166,1
DA:167,1
DA:168,1
DA:170,1
DA:171,1
DA:172,1
DA:173,1
DA:175,1
DA:176,1
DA:177,1
DA:178,1
DA:180,1
DA:182,1
LF:126
LH:126
BRDA:20,1,0,3
BRDA:20,1,1,1
BRDA:20,1,2,1
BRDA:20,1,3,25
BRDA:25,2,0,2
BRDA:25,2,1,1
BRDA:30,3,0,1
BRDA:30,3,1,2
BRDA:52,4,0,1
BRDA:52,4,1,29
BRF:10
BRH:10
end_of_record
TN:
SF:./data/index.js
FN:19,(anonymous_1)
FN:22,(anonymous_2)
FNF:2
FNH:2
FNDA:1,(anonymous_1)
FNDA:252,(anonymous_2)
DA:14,1
DA:15,1
DA:16,1
DA:17,1
DA:19,1
DA:20,1
DA:21,1
DA:22,1
DA:23,252
DA:24,252
DA:25,252
DA:27,1
LF:12
LH:12
BRF:0
BRH:0
end_of_record